<?xml version="1.0" encoding="UTF-8"?>
<!-- Generated by org.testng.reporters.JUnitXMLReporter -->
<testsuite ignored="3" hostname="LAPTOP-2PFF6TO4" failures="0" tests="3" name="Test" time="0.113" errors="0" timestamp="2024-12-28T16:59:23 IST">
  <testcase classname="test.Day1" name="demo" time="0.019"/>
  <testcase classname="test.day3" name="Mobilecarloan" time="0.003"/>
  <testcase classname="test.day2" name="cloan" time="0.002"/>
  <testcase classname="test.day4" name="Mobilehomeloan" time="0.0">
    <ignored/>
  </testcase> <!-- Mobilehomeloan -->
  <testcase classname="test.day3" name="webcarloan" time="0.0">
    <ignored/>
  </testcase> <!-- webcarloan -->
  <testcase classname="test.Day1" name="secondtest" time="0.0">
    <ignored/>
  </testcase> <!-- secondtest -->
</testsuite> <!-- Test -->
