<?xml version="1.0" encoding="UTF-8"?>
<testng-results ignored="0" total="3" passed="3" failed="0" skipped="0">
  <reporter-output>
  </reporter-output>
  <suite started-at="2024-12-28T16:59:23 IST" name="loan department" finished-at="2024-12-28T16:59:23 IST" duration-ms="113">
    <groups>
      <group name="smoke">
        <method signature="Day1.demo()[pri:0, instance:test.Day1@24269709]" name="demo" class="test.Day1"/>
        <method signature="day2.cloan()[pri:0, instance:test.day2@41a2befb]" name="cloan" class="test.day2"/>
        <method signature="day3.Mobilecarloan()[pri:0, instance:test.day3@45c7e403]" name="Mobilecarloan" class="test.day3"/>
      </group> <!-- smoke -->
    </groups>
    <test started-at="2024-12-28T16:59:23 IST" name="Test" finished-at="2024-12-28T16:59:23 IST" duration-ms="113">
      <class name="test.Day1">
        <test-method signature="demo()[pri:0, instance:test.Day1@24269709]" started-at="2024-12-28T16:59:23 IST" name="demo" finished-at="2024-12-28T16:59:23 IST" duration-ms="19" status="PASS">
          <reporter-output>
          </reporter-output>
        </test-method> <!-- demo -->
      </class> <!-- test.Day1 -->
      <class name="test.day2">
        <test-method signature="cloan()[pri:0, instance:test.day2@41a2befb]" started-at="2024-12-28T16:59:23 IST" name="cloan" finished-at="2024-12-28T16:59:23 IST" duration-ms="2" status="PASS">
          <reporter-output>
          </reporter-output>
        </test-method> <!-- cloan -->
      </class> <!-- test.day2 -->
      <class name="test.day3">
        <test-method signature="Mobilecarloan()[pri:0, instance:test.day3@45c7e403]" started-at="2024-12-28T16:59:23 IST" name="Mobilecarloan" finished-at="2024-12-28T16:59:23 IST" duration-ms="3" status="PASS">
          <reporter-output>
          </reporter-output>
        </test-method> <!-- Mobilecarloan -->
      </class> <!-- test.day3 -->
    </test> <!-- Test -->
  </suite> <!-- loan department -->
</testng-results>
